<?xml version="1.0" encoding="utf-8"?><testsuites name="pytest tests"><testsuite name="pytest" errors="0" failures="0" skipped="0" tests="7" time="0.843" timestamp="2025-08-19T17:50:12.013488+01:00" hostname="alaeddine"><testcase classname="services.llm_service.test_main" name="test_chat_endpoint_builds_correct_system_prompt" time="0.206" /><testcase classname="services.llm_service.test_metrics" name="test_health_and_metrics" time="0.005" /><testcase classname="services.pdf_generator_service.test_metrics_pdf" name="test_health_and_metrics_pdf" time="0.005" /><testcase classname="services.pdf_generator_service.test_pdf_main" name="test_generate_endpoint_includes_student_name_in_tex" time="0.004" /><testcase classname="services.pdf_generator_service.test_pdf_main" name="test_correction_iterative_on_syntax_error_then_success" time="0.003" /><testcase classname="services.rag_service.test_metrics_rag" name="test_health_and_metrics_rag" time="0.005" /><testcase classname="services.rag_service.test_rag_main" name="test_ingest_endpoint_calls_index_with_document_uniquename" time="0.008" /></testsuite></testsuites>